This is pdfTeX, Version 3.141592653-2.6-1.40.24 (MiKTeX 21.12) (preloaded format=pdflatex 2022.3.7)  21 JUN 2022 23:52
entering extended mode
 restricted \write18 enabled.
 %&-line parsing enabled.
**./hw1.tex
(hw1.tex
LaTeX2e <2021-11-15> patch level 1
L3 programming layer <2021-11-22>
(C:\Users\berka\AppData\Local\Programs\MiKTeX\tex/latex/base\article.cls
Document Class: article 2021/10/04 v1.4n Standard LaTeX document class
(C:\Users\berka\AppData\Local\Programs\MiKTeX\tex/latex/base\size12.clo
File: size12.clo 2021/10/04 v1.4n Standard LaTeX file (size option)
)
\c@part=\count183
\c@section=\count184
\c@subsection=\count185
\c@subsubsection=\count186
\c@paragraph=\count187
\c@subparagraph=\count188
\c@figure=\count189
\c@table=\count190
\abovecaptionskip=\skip47
\belowcaptionskip=\skip48
\bibindent=\dimen138
)
(C:\Users\berka\AppData\Local\Programs\MiKTeX\tex/latex/amsmath\amsmath.sty
Package: amsmath 2021/10/15 v2.17l AMS math features
\@mathmargin=\skip49

For additional information on amsmath, use the `?' option.
(C:\Users\berka\AppData\Local\Programs\MiKTeX\tex/latex/amsmath\amstext.sty
Package: amstext 2021/08/26 v2.01 AMS text

(C:\Users\berka\AppData\Local\Programs\MiKTeX\tex/latex/amsmath\amsgen.sty
File: amsgen.sty 1999/11/30 v2.0 generic functions
\@emptytoks=\toks16
\ex@=\dimen139
))
(C:\Users\berka\AppData\Local\Programs\MiKTeX\tex/latex/amsmath\amsbsy.sty
Package: amsbsy 1999/11/29 v1.2d Bold Symbols
\pmbraise@=\dimen140
)
(C:\Users\berka\AppData\Local\Programs\MiKTeX\tex/latex/amsmath\amsopn.sty
Package: amsopn 2021/08/26 v2.02 operator names
)
\inf@bad=\count191
LaTeX Info: Redefining \frac on input line 234.
\uproot@=\count192
\leftroot@=\count193
LaTeX Info: Redefining \overline on input line 399.
\classnum@=\count194
\DOTSCASE@=\count195
LaTeX Info: Redefining \ldots on input line 496.
LaTeX Info: Redefining \dots on input line 499.
LaTeX Info: Redefining \cdots on input line 620.
\Mathstrutbox@=\box50
\strutbox@=\box51
\big@size=\dimen141
LaTeX Font Info:    Redeclaring font encoding OML on input line 743.
LaTeX Font Info:    Redeclaring font encoding OMS on input line 744.
\macc@depth=\count196
\c@MaxMatrixCols=\count197
\dotsspace@=\muskip16
\c@parentequation=\count198
\dspbrk@lvl=\count199
\tag@help=\toks17
\row@=\count266
\column@=\count267
\maxfields@=\count268
\andhelp@=\toks18
\eqnshift@=\dimen142
\alignsep@=\dimen143
\tagshift@=\dimen144
\tagwidth@=\dimen145
\totwidth@=\dimen146
\lineht@=\dimen147
\@envbody=\toks19
\multlinegap=\skip50
\multlinetaggap=\skip51
\mathdisplay@stack=\toks20
LaTeX Info: Redefining \[ on input line 2938.
LaTeX Info: Redefining \] on input line 2939.
)
(C:\Users\berka\AppData\Local\Programs\MiKTeX\tex/latex/amsfonts\amssymb.sty
Package: amssymb 2013/01/14 v3.01 AMS font symbols

(C:\Users\berka\AppData\Local\Programs\MiKTeX\tex/latex/amsfonts\amsfonts.sty
Package: amsfonts 2013/01/14 v3.01 Basic AMSFonts support
\symAMSa=\mathgroup4
\symAMSb=\mathgroup5
LaTeX Font Info:    Redeclaring math symbol \hbar on input line 98.
LaTeX Font Info:    Overwriting math alphabet `\mathfrak' in version `bold'
(Font)                  U/euf/m/n --> U/euf/b/n on input line 106.
)) (mcode.sty
-- Package: `mcode' 2.5 <2014/03/06> --
Package: mcode 2014/03/06 2.5
 - settings optimized for display (colour formating)
 - line numbering enabled
 - literate programming (character replacements) enabled
 - automatic line breaking enabled (careful, buggy!)
 - framed listings
(C:\Users\berka\AppData\Local\Programs\MiKTeX\tex/latex/xcolor\xcolor.sty
Package: xcolor 2021/10/31 v2.13 LaTeX color extensions (UK)

(C:\Users\berka\AppData\Local\Programs\MiKTeX\tex/latex/graphics-cfg\color.cfg
File: color.cfg 2016/01/02 v1.6 sample color configuration
)
Package xcolor Info: Driver file: pdftex.def on input line 227.

(C:\Users\berka\AppData\Local\Programs\MiKTeX\tex/latex/graphics-def\pdftex.def
File: pdftex.def 2020/10/05 v1.2a Graphics/color driver for pdftex
)
Package xcolor Info: Model `cmy' substituted by `cmy0' on input line 1352.
Package xcolor Info: Model `hsb' substituted by `rgb' on input line 1356.
Package xcolor Info: Model `RGB' extended on input line 1368.
Package xcolor Info: Model `HTML' substituted by `rgb' on input line 1370.
Package xcolor Info: Model `Hsb' substituted by `hsb' on input line 1371.
Package xcolor Info: Model `tHsb' substituted by `hsb' on input line 1372.
Package xcolor Info: Model `HSB' substituted by `hsb' on input line 1373.
Package xcolor Info: Model `Gray' substituted by `gray' on input line 1374.
Package xcolor Info: Model `wave' substituted by `hsb' on input line 1375.
)
(C:\Users\berka\AppData\Local\Programs\MiKTeX\tex/latex/listings\listings.sty
(C:\Users\berka\AppData\Local\Programs\MiKTeX\tex/latex/graphics\keyval.sty
Package: keyval 2014/10/28 v1.15 key=value parser (DPC)
\KV@toks@=\toks21
)
\lst@mode=\count269
\lst@gtempboxa=\box52
\lst@token=\toks22
\lst@length=\count270
\lst@currlwidth=\dimen148
\lst@column=\count271
\lst@pos=\count272
\lst@lostspace=\dimen149
\lst@width=\dimen150
\lst@newlines=\count273
\lst@lineno=\count274
\lst@maxwidth=\dimen151

(C:\Users\berka\AppData\Local\Programs\MiKTeX\tex/latex/listings\lstmisc.sty
File: lstmisc.sty 2020/03/24 1.8d (Carsten Heinz)
\c@lstnumber=\count275
\lst@skipnumbers=\count276
\lst@framebox=\box53
)
(C:\Users\berka\AppData\Local\Programs\MiKTeX\tex/latex/listings\listings.cfg
File: listings.cfg 2020/03/24 1.8d listings configuration
))
Package: listings 2020/03/24 1.8d (Carsten Heinz)
\lbreakdots=\box54
LaTeX Font Info:    Trying to load font information for OT1+pcr on input line 2
28.
(C:\Users\berka\AppData\Local\Programs\MiKTeX\tex/latex/psnfss\ot1pcr.fd
File: ot1pcr.fd 2001/06/04 font definitions for OT1/pcr.
))
(C:\Users\berka\AppData\Local\Programs\MiKTeX\tex/latex/graphics\graphicx.sty
Package: graphicx 2021/09/16 v1.2d Enhanced LaTeX Graphics (DPC,SPQR)

(C:\Users\berka\AppData\Local\Programs\MiKTeX\tex/latex/graphics\graphics.sty
Package: graphics 2021/03/04 v1.4d Standard LaTeX Graphics (DPC,SPQR)

(C:\Users\berka\AppData\Local\Programs\MiKTeX\tex/latex/graphics\trig.sty
Package: trig 2021/08/11 v1.11 sin cos tan (DPC)
)
(C:\Users\berka\AppData\Local\Programs\MiKTeX\tex/latex/graphics-cfg\graphics.c
fg
File: graphics.cfg 2016/06/04 v1.11 sample graphics configuration
)
Package graphics Info: Driver file: pdftex.def on input line 107.
)
\Gin@req@height=\dimen152
\Gin@req@width=\dimen153
)
(C:\Users\berka\AppData\Local\Programs\MiKTeX\tex/latex/caption\caption.sty
Package: caption 2022/03/01 v3.6b Customizing captions (AR)

(C:\Users\berka\AppData\Local\Programs\MiKTeX\tex/latex/caption\caption3.sty
Package: caption3 2022/03/17 v2.3b caption3 kernel (AR)
\caption@tempdima=\dimen154
\captionmargin=\dimen155
\caption@leftmargin=\dimen156
\caption@rightmargin=\dimen157
\caption@width=\dimen158
\caption@indent=\dimen159
\caption@parindent=\dimen160
\caption@hangindent=\dimen161
Package caption Info: Standard document class detected.
)
\c@caption@flags=\count277
\c@continuedfloat=\count278
Package caption Info: listings package is loaded.
)
(C:\Users\berka\AppData\Local\Programs\MiKTeX\tex/latex/float\float.sty
Package: float 2001/11/08 v1.3d Float enhancements (AL)
\c@float@type=\count279
\float@exts=\toks23
\float@box=\box55
\@float@everytoks=\toks24
\@floatcapt=\box56
)
(C:\Users\berka\AppData\Local\Programs\MiKTeX\tex/latex/l3backend\l3backend-pdf
tex.def
File: l3backend-pdftex.def 2021-10-18 L3 backend support: PDF output (pdfTeX)
\l__color_backend_stack_int=\count280
\l__pdf_internal_box=\box57
) (hw1.aux)
\openout1 = `hw1.aux'.

LaTeX Font Info:    Checking defaults for OML/cmm/m/it on input line 101.
LaTeX Font Info:    ... okay on input line 101.
LaTeX Font Info:    Checking defaults for OMS/cmsy/m/n on input line 101.
LaTeX Font Info:    ... okay on input line 101.
LaTeX Font Info:    Checking defaults for OT1/cmr/m/n on input line 101.
LaTeX Font Info:    ... okay on input line 101.
LaTeX Font Info:    Checking defaults for T1/cmr/m/n on input line 101.
LaTeX Font Info:    ... okay on input line 101.
LaTeX Font Info:    Checking defaults for TS1/cmr/m/n on input line 101.
LaTeX Font Info:    ... okay on input line 101.
LaTeX Font Info:    Checking defaults for OMX/cmex/m/n on input line 101.
LaTeX Font Info:    ... okay on input line 101.
LaTeX Font Info:    Checking defaults for U/cmr/m/n on input line 101.
LaTeX Font Info:    ... okay on input line 101.

(C:\Users\berka\AppData\Local\Programs\MiKTeX\tex/context/base/mkii\supp-pdf.mk
ii
[Loading MPS to PDF converter (version 2006.09.02).]
\scratchcounter=\count281
\scratchdimen=\dimen162
\scratchbox=\box58
\nofMPsegments=\count282
\nofMParguments=\count283
\everyMPshowfont=\toks25
\MPscratchCnt=\count284
\MPscratchDim=\dimen163
\MPnumerator=\count285
\makeMPintoPDFobject=\count286
\everyMPtoPDFconversion=\toks26
)
(C:\Users\berka\AppData\Local\Programs\MiKTeX\tex/latex/epstopdf-pkg\epstopdf-b
ase.sty
Package: epstopdf-base 2020-01-24 v2.11 Base part for package epstopdf
Package epstopdf-base Info: Redefining graphics rule for `.eps' on input line 4
85.

(C:\Users\berka\AppData\Local\Programs\MiKTeX\tex/latex/00miktex\epstopdf-sys.c
fg
File: epstopdf-sys.cfg 2021/03/18 v2.0 Configuration of epstopdf for MiKTeX
))
\c@lstlisting=\count287
Package caption Info: Begin \AtBeginDocument code.
Package caption Info: float package is loaded.
Package caption Info: End \AtBeginDocument code.
LaTeX Font Info:    Trying to load font information for U+msa on input line 109
.
 (C:\Users\berka\AppData\Local\Programs\MiKTeX\tex/latex/amsfonts\umsa.fd
File: umsa.fd 2013/01/14 v3.01 AMS symbols A
)
LaTeX Font Info:    Trying to load font information for U+msb on input line 109
.

(C:\Users\berka\AppData\Local\Programs\MiKTeX\tex/latex/amsfonts\umsb.fd
File: umsb.fd 2013/01/14 v3.01 AMS symbols B
)
Underfull \hbox (badness 10000) in paragraph at lines 109--112

 []


Underfull \hbox (badness 10000) in paragraph at lines 109--112

 []

LaTeX Font Info:    Trying to load font information for TS1+pcr on input line 1
20.
(C:\Users\berka\AppData\Local\Programs\MiKTeX\tex/latex/psnfss\ts1pcr.fd
File: ts1pcr.fd 2001/06/04 font definitions for TS1/pcr.
)
[1

{C:/Users/berka/AppData/Local/MiKTeX/fonts/map/pdftex/pdftex.map}]
LaTeX Font Info:    Trying to load font information for OML+pcr on input line 1
41.

(C:\Users\berka\AppData\Local\Programs\MiKTeX\tex/latex/psnfss\omlpcr.fd
File: omlpcr.fd 
)
LaTeX Font Info:    Font shape `OML/pcr/m/n' in size <10> not available
(Font)              Font shape `OML/cmm/m/it' tried instead on input line 141.
LaTeX Font Info:    Trying to load font information for OMS+pcr on input line 1
72.

(C:\Users\berka\AppData\Local\Programs\MiKTeX\tex/latex/psnfss\omspcr.fd
File: omspcr.fd 
)
LaTeX Font Info:    Font shape `OMS/pcr/m/n' in size <10> not available
(Font)              Font shape `OMS/cmsy/m/n' tried instead on input line 172.

[2]

LaTeX Font Warning: Font shape `OT1/cmr/m/n' in size <16> not available
(Font)              size <17.28> substituted on input line 205.


LaTeX Font Warning: Font shape `OT1/cmr/bx/n' in size <16> not available
(Font)              size <17.28> substituted on input line 206.

<lunda.jpg, id=15, 115.02975pt x 116.23425pt>
File: lunda.jpg Graphic file (type jpg)
<use lunda.jpg>
Package pdftex.def Info: lunda.jpg  used on input line 229.
(pdftex.def)             Requested size: 80.52026pt x 81.3634pt.
<bfw.jpg, id=16, 115.632pt x 116.23425pt>
File: bfw.jpg Graphic file (type jpg)
<use bfw.jpg>
Package pdftex.def Info: bfw.jpg  used on input line 236.
(pdftex.def)             Requested size: 80.94183pt x 81.3634pt.

LaTeX Warning: `h' float specifier changed to `ht'.

<plat.jpg, id=17, 115.632pt x 115.632pt>
File: plat.jpg Graphic file (type jpg)
<use plat.jpg>
Package pdftex.def Info: plat.jpg  used on input line 244.
(pdftex.def)             Requested size: 80.94183pt x 80.94183pt.

LaTeX Warning: `h' float specifier changed to `ht'.

<plot1lunda.jpg, id=18, 702.625pt x 526.96875pt>
File: plot1lunda.jpg Graphic file (type jpg)
<use plot1lunda.jpg>
Package pdftex.def Info: plot1lunda.jpg  used on input line 255.
(pdftex.def)             Requested size: 341.43742pt x 256.0861pt.
[3 <./lunda.jpg>]
<plot3lunda.jpg, id=22, 702.625pt x 526.96875pt>
File: plot3lunda.jpg Graphic file (type jpg)
<use plot3lunda.jpg>
Package pdftex.def Info: plot3lunda.jpg  used on input line 260.
(pdftex.def)             Requested size: 341.43742pt x 256.0861pt.
 [4 <./bfw.jpg> <./plat.jpg> <./plot1lunda.jpg>]
<plot10lunda.jpg, id=26, 702.625pt x 526.96875pt>
File: plot10lunda.jpg Graphic file (type jpg)
<use plot10lunda.jpg>
Package pdftex.def Info: plot10lunda.jpg  used on input line 266.
(pdftex.def)             Requested size: 341.43742pt x 256.0861pt.
<plot1bfw.jpg, id=27, 702.625pt x 526.96875pt>
File: plot1bfw.jpg Graphic file (type jpg)
<use plot1bfw.jpg>
Package pdftex.def Info: plot1bfw.jpg  used on input line 272.
(pdftex.def)             Requested size: 341.43742pt x 256.0861pt.
 [5 <./plot3lunda.jpg> <./plot10lunda.jpg>]
<plot3bfw.jpg, id=31, 702.625pt x 526.96875pt>
File: plot3bfw.jpg Graphic file (type jpg)
<use plot3bfw.jpg>
Package pdftex.def Info: plot3bfw.jpg  used on input line 277.
(pdftex.def)             Requested size: 341.43742pt x 256.0861pt.
<plot10bfw.jpg, id=32, 702.625pt x 526.96875pt>
File: plot10bfw.jpg Graphic file (type jpg)
<use plot10bfw.jpg>
Package pdftex.def Info: plot10bfw.jpg  used on input line 283.
(pdftex.def)             Requested size: 341.43742pt x 256.0861pt.
 [6 <./plot1bfw.jpg> <./plot3bfw.jpg>]
<plot25bfw.jpg, id=36, 702.625pt x 526.96875pt>
File: plot25bfw.jpg Graphic file (type jpg)
<use plot25bfw.jpg>
Package pdftex.def Info: plot25bfw.jpg  used on input line 289.
(pdftex.def)             Requested size: 341.43742pt x 256.0861pt.
<plotplat.jpg, id=37, 702.625pt x 526.96875pt>
File: plotplat.jpg Graphic file (type jpg)
<use plotplat.jpg>
Package pdftex.def Info: plotplat.jpg  used on input line 295.
(pdftex.def)             Requested size: 341.43742pt x 256.0861pt.
 [7 <./plot10bfw.jpg> <./plot25bfw.jpg>] [8 <./plotplat.jpg>] [9] (hw1.aux)

LaTeX Font Warning: Size substitutions with differences
(Font)              up to 1.28pt have occurred.

 ) 
Here is how much of TeX's memory you used:
 6354 strings out of 478659
 96899 string characters out of 2845921
 535827 words of memory out of 3000000
 24402 multiletter control sequences out of 15000+600000
 410359 words of font info for 53 fonts, out of 8000000 for 9000
 1141 hyphenation exceptions out of 8191
 55i,7n,63p,421b,1684s stack positions out of 5000i,500n,10000p,200000b,80000s
{C:/Users/berka/AppData/Local/Programs/MiKTeX/fonts/enc/dvips/base/8r.enc}<C:
/Users/berka/AppData/Local/Programs/MiKTeX/fonts/type1/public/amsfonts/cm/cmbx1
2.pfb><C:/Users/berka/AppData/Local/Programs/MiKTeX/fonts/type1/public/amsfonts
/cm/cmmi10.pfb><C:/Users/berka/AppData/Local/Programs/MiKTeX/fonts/type1/public
/amsfonts/cm/cmmi12.pfb><C:/Users/berka/AppData/Local/Programs/MiKTeX/fonts/typ
e1/public/amsfonts/cm/cmr12.pfb><C:/Users/berka/AppData/Local/Programs/MiKTeX/f
onts/type1/public/amsfonts/cm/cmr6.pfb><C:/Users/berka/AppData/Local/Programs/M
iKTeX/fonts/type1/public/amsfonts/cm/cmsy10.pfb><C:/Users/berka/AppData/Local/P
rograms/MiKTeX/fonts/type1/public/amsfonts/cm/cmti12.pfb><C:/Users/berka/AppDat
a/Local/Programs/MiKTeX/fonts/type1/urw/courier/ucrr8a.pfb>
Output written on hw1.pdf (9 pages, 539118 bytes).
PDF statistics:
 84 PDF objects out of 1000 (max. 8388607)
 0 named destinations out of 1000 (max. 500000)
 56 words of extra memory for PDF output out of 10000 (max. 10000000)

